2026-07-12 21:23:00,014 | INFO     | circle-wallet-manager | Logger initialized.
2026-07-12 21:25:04,402 | INFO     | circle-wallet-manager | Creating wallet: wallet_demo_009
2026-07-12 21:25:04,430 | INFO     | circle-wallet-manager | Wallet created successfully: wallet_demo_009
2026-07-12 21:25:33,762 | INFO     | circle-wallet-manager | Creating wallet: wallet_demo_009
2026-07-12 21:25:33,765 | ERROR    | circle-wallet-manager | Wallet ID already exists: wallet_demo_009
2026-07-12 21:26:10,937 | WARNING  | circle-wallet-manager | Wallet not found: id=999
2026-07-12 21:26:37,309 | INFO     | circle-wallet-manager | Deleting wallet id=9
2026-07-12 22:05:15,426 | INFO     | circle-wallet-manager | Logger initialized.
2026-07-12 22:05:31,774 | WARNING  | circle-wallet-manager | Wallet not found: id=999
2026-07-12 22:06:47,787 | INFO     | circle-wallet-manager | Creating wallet: wallet_demo_001
2026-07-12 22:06:47,792 | ERROR    | circle-wallet-manager | Wallet ID already exists: wallet_demo_001
2026-07-12 22:10:11,908 | INFO     | circle-wallet-manager | Logger initialized.
2026-07-12 22:11:10,385 | INFO     | circle-wallet-manager | Creating wallet: wallet_demo_001
2026-07-12 22:11:10,404 | ERROR    | circle-wallet-manager | Wallet ID already exists: wallet_demo_001
2026-07-12 22:17:19,236 | INFO     | circle-wallet-manager | Logger initialized.
2026-07-12 22:21:48,453 | INFO     | circle-wallet-manager | GET /wallets/001 200 40.17ms
2026-07-12 22:23:28,767 | INFO     | circle-wallet-manager | Creating wallet: wallet_demo_0010
2026-07-12 22:23:28,784 | INFO     | circle-wallet-manager | Wallet created successfully: wallet_demo_0010
2026-07-12 22:23:28,784 | INFO     | circle-wallet-manager | POST /wallets 201 22.17ms
2026-07-12 22:24:38,198 | WARNING  | circle-wallet-manager | Wallet not found: id=999
2026-07-12 22:24:38,201 | INFO     | circle-wallet-manager | GET /wallets/999 404 9.25ms
2026-07-12 22:25:28,881 | INFO     | circle-wallet-manager | Creating wallet: wallet_demo_0010
2026-07-12 22:25:28,885 | ERROR    | circle-wallet-manager | Wallet ID already exists: wallet_demo_0010
2026-07-12 22:25:28,887 | INFO     | circle-wallet-manager | POST /wallets 409 10.19ms
2026-07-12 22:28:25,674 | INFO     | circle-wallet-manager | Logger initialized.
2026-07-12 22:28:28,933 | INFO     | circle-wallet-manager | Logger initialized.
2026-07-12 22:28:54,714 | INFO     | circle-wallet-manager | Logger initialized.
2026-07-12 22:28:57,944 | INFO     | circle-wallet-manager | Logger initialized.
2026-07-12 22:29:34,726 | INFO     | circle-wallet-manager | Logger initialized.
2026-07-12 22:29:37,915 | INFO     | circle-wallet-manager | Logger initialized.
2026-07-12 22:30:12,178 | INFO     | circle-wallet-manager | Logger initialized.
2026-07-12 22:30:15,313 | INFO     | circle-wallet-manager | Logger initialized.
2026-07-12 22:30:28,119 | INFO     | circle-wallet-manager | Logger initialized.
2026-07-12 22:30:31,345 | INFO     | circle-wallet-manager | Logger initialized.
2026-07-12 22:31:30,899 | INFO     | circle-wallet-manager | Logger initialized.
2026-07-12 22:31:36,390 | INFO     | circle-wallet-manager | Logger initialized.
2026-07-12 22:32:04,506 | INFO     | circle-wallet-manager | Logger initialized.
2026-07-12 22:32:07,797 | INFO     | circle-wallet-manager | Logger initialized.
2026-07-12 22:32:31,539 | INFO     | circle-wallet-manager | Logger initialized.
2026-07-12 22:32:34,730 | INFO     | circle-wallet-manager | Logger initialized.
2026-07-12 22:32:47,305 | INFO     | circle-wallet-manager | Logger initialized.
2026-07-12 22:32:50,448 | INFO     | circle-wallet-manager | Logger initialized.
2026-07-12 22:33:02,878 | INFO     | circle-wallet-manager | Logger initialized.
2026-07-12 22:33:06,081 | INFO     | circle-wallet-manager | Logger initialized.
2026-07-12 22:35:52,073 | INFO     | circle-wallet-manager | Logger initialized.
2026-07-12 22:35:57,363 | INFO     | circle-wallet-manager | Logger initialized.
2026-07-12 22:36:04,046 | INFO     | circle-wallet-manager | Logger initialized.
2026-07-12 22:36:10,761 | INFO     | circle-wallet-manager | Logger initialized.
2026-07-12 22:36:23,330 | INFO     | circle-wallet-manager | Logger initialized.
2026-07-12 22:39:23,932 | INFO     | circle-wallet-manager | Logger initialized.
2026-07-12 22:39:36,448 | INFO     | circle-wallet-manager | Logger initialized.
2026-07-12 22:39:46,093 | INFO     | circle-wallet-manager | Logger initialized.
2026-07-12 22:39:49,928 | INFO     | circle-wallet-manager | Logger initialized.
2026-07-12 22:40:00,997 | INFO     | circle-wallet-manager | Logger initialized.
2026-07-12 22:40:03,963 | INFO     | circle-wallet-manager | Logger initialized.
2026-07-12 22:40:07,176 | INFO     | circle-wallet-manager | Logger initialized.
2026-07-12 22:40:44,347 | INFO     | circle-wallet-manager | Logger initialized.
2026-07-12 22:40:48,159 | INFO     | circle-wallet-manager | Logger initialized.
2026-07-12 22:41:03,454 | INFO     | circle-wallet-manager | Logger initialized.
2026-07-12 22:41:07,321 | INFO     | circle-wallet-manager | Logger initialized.
2026-07-12 22:41:10,424 | INFO     | circle-wallet-manager | Logger initialized.
2026-07-12 22:41:43,162 | INFO     | circle-wallet-manager | Logger initialized.
2026-07-12 22:41:46,448 | INFO     | circle-wallet-manager | Logger initialized.
2026-07-12 22:42:05,179 | INFO     | circle-wallet-manager | GET /docs 200 1.00ms
2026-07-12 22:42:07,537 | INFO     | circle-wallet-manager | GET /openapi.json 200 80.83ms
2026-07-12 22:42:48,305 | INFO     | circle-wallet-manager | event=create_wallet wallet_id=wallet_demo_0011
2026-07-12 22:42:48,347 | INFO     | circle-wallet-manager | event=create_wallet_success wallet_id=wallet_demo_0011
2026-07-12 22:42:48,351 | INFO     | circle-wallet-manager | POST /wallets 201 55.33ms
2026-07-12 22:44:27,365 | INFO     | circle-wallet-manager | GET /wallets/0011 200 9.45ms
2026-07-12 22:45:06,945 | WARNING  | circle-wallet-manager | event=wallet_not_found id=999
2026-07-12 22:45:06,945 | INFO     | circle-wallet-manager | GET /wallets/999 404 5.85ms
2026-07-12 22:51:34,986 | INFO     | circle-wallet-manager | Logger initialized.
2026-07-12 22:52:13,440 | INFO     | circle-wallet-manager | Logger initialized.
2026-07-12 22:52:16,637 | INFO     | circle-wallet-manager | Logger initialized.
2026-07-12 22:52:19,867 | INFO     | circle-wallet-manager | Logger initialized.
2026-07-12 23:02:29,421 | INFO | - | circle-wallet-manager | Logger initialized.
2026-07-12 23:02:34,752 | INFO | - | circle-wallet-manager | Logger initialized.
2026-07-12 23:03:47,924 | INFO | c4e9653b-8481-454d-b6ba-5197591250da | circle-wallet-manager | GET /docs 200 0.00ms
2026-07-12 23:03:50,361 | INFO | 6422d6c5-b49f-46c9-9273-7431ebbc3cac | circle-wallet-manager | GET /openapi.json 200 66.73ms
2026-07-12 23:04:06,034 | INFO | a69dee1a-746d-497f-8460-d70b7863863f | circle-wallet-manager | event=create_wallet wallet_id=wallet_demo_0013
2026-07-12 23:04:06,065 | INFO | a69dee1a-746d-497f-8460-d70b7863863f | circle-wallet-manager | event=create_wallet_success wallet_id=wallet_demo_0013
2026-07-12 23:04:06,065 | INFO | a69dee1a-746d-497f-8460-d70b7863863f | circle-wallet-manager | POST /wallets 201 42.13ms
2026-07-12 23:04:28,056 | INFO | 47aa7d96-c496-46b8-b4ad-18bcf840bc6b | circle-wallet-manager | event=create_wallet wallet_id=wallet_demo_0013
2026-07-12 23:04:28,059 | ERROR | 47aa7d96-c496-46b8-b4ad-18bcf840bc6b | circle-wallet-manager | event=create_wallet_duplicate wallet_id=wallet_demo_0013
2026-07-12 23:04:28,059 | INFO | 47aa7d96-c496-46b8-b4ad-18bcf840bc6b | circle-wallet-manager | POST /wallets 409 7.68ms
2026-07-12 23:04:50,727 | INFO | 93357f96-2938-45dd-b012-da84a0a50f1e | circle-wallet-manager | GET /wallets/0013 200 11.21ms
2026-07-12 23:04:56,057 | WARNING | 8538ebd5-6ab7-42c1-ab68-58ae8d207656 | circle-wallet-manager | event=wallet_not_found id=999
2026-07-12 23:04:56,061 | INFO | 8538ebd5-6ab7-42c1-ab68-58ae8d207656 | circle-wallet-manager | GET /wallets/999 404 8.00ms
2026-07-12 23:08:29,627 | INFO | - | circle-wallet-manager | logger.py:77 | Logger initialized.
2026-07-13 14:11:24,545 | INFO | - | circle-wallet-manager | logger.py:77 | Logger initialized.
2026-07-13 14:11:27,519 | INFO | - | circle-wallet-manager | logger.py:77 | Logger initialized.
2026-07-13 14:11:30,573 | INFO | 0f48eb20-bb92-48d7-808a-d6f1b392d01b | circle-wallet-manager | middleware.py:32 | GET /docs 200 1.00ms
2026-07-13 14:11:32,368 | INFO | 07b96d51-1b23-4612-b7c6-94287e769c29 | circle-wallet-manager | middleware.py:32 | GET /openapi.json 200 85.03ms
2026-07-13 14:19:03,673 | INFO | - | circle-wallet-manager | logger.py:77 | Logger initialized.
2026-07-13 14:19:06,898 | INFO | - | circle-wallet-manager | logger.py:77 | Logger initialized.
2026-07-13 14:29:13,386 | INFO | - | circle-wallet-manager | logger.py:77 | Logger initialized.
2026-07-13 14:29:20,451 | INFO | - | circle-wallet-manager | logger.py:77 | Logger initialized.
2026-07-13 14:29:28,857 | INFO | - | circle-wallet-manager | logger.py:77 | Logger initialized.
2026-07-13 14:29:32,115 | INFO | - | circle-wallet-manager | logger.py:77 | Logger initialized.
2026-07-13 14:29:36,903 | INFO | - | circle-wallet-manager | logger.py:77 | Logger initialized.
2026-07-13 14:29:41,872 | INFO | - | circle-wallet-manager | logger.py:77 | Logger initialized.
2026-07-13 14:29:56,640 | INFO | - | circle-wallet-manager | logger.py:77 | Logger initialized.
2026-07-13 14:30:01,267 | INFO | - | circle-wallet-manager | logger.py:77 | Logger initialized.
2026-07-13 14:30:19,914 | INFO | - | circle-wallet-manager | logger.py:77 | Logger initialized.
2026-07-13 14:30:23,240 | INFO | - | circle-wallet-manager | logger.py:77 | Logger initialized.
2026-07-13 14:30:26,334 | INFO | - | circle-wallet-manager | logger.py:77 | Logger initialized.
2026-07-13 14:30:54,145 | INFO | - | circle-wallet-manager | logger.py:77 | Logger initialized.
2026-07-13 14:33:27,551 | INFO | - | circle-wallet-manager | logger.py:77 | Logger initialized.
2026-07-13 14:33:32,238 | INFO | - | circle-wallet-manager | logger.py:77 | Logger initialized.
2026-07-13 14:33:41,067 | INFO | - | circle-wallet-manager | logger.py:77 | Logger initialized.
2026-07-13 14:33:45,932 | INFO | - | circle-wallet-manager | logger.py:77 | Logger initialized.
2026-07-13 14:33:58,270 | INFO | - | circle-wallet-manager | logger.py:77 | Logger initialized.
2026-07-13 14:34:01,442 | INFO | - | circle-wallet-manager | logger.py:77 | Logger initialized.
2026-07-13 14:34:12,355 | INFO | - | circle-wallet-manager | logger.py:77 | Logger initialized.
2026-07-13 14:34:15,629 | INFO | - | circle-wallet-manager | logger.py:77 | Logger initialized.
2026-07-13 14:34:22,572 | INFO | - | circle-wallet-manager | logger.py:77 | Logger initialized.
2026-07-13 14:34:25,768 | INFO | - | circle-wallet-manager | logger.py:77 | Logger initialized.
2026-07-13 14:34:34,664 | INFO | - | circle-wallet-manager | logger.py:77 | Logger initialized.
2026-07-13 14:34:38,006 | INFO | - | circle-wallet-manager | logger.py:77 | Logger initialized.
2026-07-13 14:34:45,569 | INFO | - | circle-wallet-manager | logger.py:77 | Logger initialized.
2026-07-13 14:34:49,930 | INFO | - | circle-wallet-manager | logger.py:77 | Logger initialized.
2026-07-13 14:37:42,216 | INFO | - | circle-wallet-manager | logger.py:77 | Logger initialized.
2026-07-13 14:37:44,941 | INFO | - | circle-wallet-manager | logger.py:77 | Logger initialized.
2026-07-13 14:37:56,221 | INFO | - | circle-wallet-manager | logger.py:77 | Logger initialized.
2026-07-13 14:38:20,532 | INFO | - | circle-wallet-manager | logger.py:77 | Logger initialized.
2026-07-13 14:38:25,398 | INFO | - | circle-wallet-manager | logger.py:77 | Logger initialized.
2026-07-13 14:39:10,946 | INFO | - | circle-wallet-manager | logger.py:77 | Logger initialized.
2026-07-13 14:39:14,211 | INFO | - | circle-wallet-manager | logger.py:77 | Logger initialized.
2026-07-13 14:39:17,427 | INFO | - | circle-wallet-manager | logger.py:77 | Logger initialized.
2026-07-13 14:39:24,097 | INFO | - | circle-wallet-manager | logger.py:77 | Logger initialized.
2026-07-13 14:39:28,943 | INFO | - | circle-wallet-manager | logger.py:77 | Logger initialized.
2026-07-13 14:40:14,723 | INFO | - | circle-wallet-manager | logger.py:77 | Logger initialized.
2026-07-13 14:40:19,157 | INFO | - | circle-wallet-manager | logger.py:77 | Logger initialized.
2026-07-13 14:40:32,003 | INFO | - | circle-wallet-manager | logger.py:77 | Logger initialized.
2026-07-13 14:40:35,256 | INFO | - | circle-wallet-manager | logger.py:77 | Logger initialized.
2026-07-13 14:40:42,267 | INFO | - | circle-wallet-manager | logger.py:77 | Logger initialized.
2026-07-13 14:40:47,185 | INFO | - | circle-wallet-manager | logger.py:77 | Logger initialized.
2026-07-13 14:40:54,135 | INFO | - | circle-wallet-manager | logger.py:77 | Logger initialized.
2026-07-13 14:40:57,421 | INFO | - | circle-wallet-manager | logger.py:77 | Logger initialized.
2026-07-13 14:41:04,331 | INFO | - | circle-wallet-manager | logger.py:77 | Logger initialized.
2026-07-13 14:47:12,580 | INFO | - | circle-wallet-manager | logger.py:77 | Logger initialized.
2026-07-13 14:47:21,304 | INFO | - | circle-wallet-manager | logger.py:77 | Logger initialized.
2026-07-13 14:47:28,082 | INFO | - | circle-wallet-manager | logger.py:77 | Logger initialized.
2026-07-13 14:47:42,811 | INFO | - | circle-wallet-manager | logger.py:77 | Logger initialized.
2026-07-13 14:48:09,040 | INFO | - | circle-wallet-manager | logger.py:77 | Logger initialized.
2026-07-13 14:48:25,823 | INFO | - | circle-wallet-manager | logger.py:77 | Logger initialized.
2026-07-13 14:48:29,001 | INFO | - | circle-wallet-manager | logger.py:77 | Logger initialized.
2026-07-13 14:48:32,230 | INFO | - | circle-wallet-manager | logger.py:77 | Logger initialized.
2026-07-13 14:53:26,073 | INFO | - | circle-wallet-manager | logger.py:77 | Logger initialized.
2026-07-13 14:53:37,090 | INFO | - | circle-wallet-manager | logger.py:77 | Logger initialized.
2026-07-13 14:53:41,958 | INFO | - | circle-wallet-manager | logger.py:77 | Logger initialized.
2026-07-13 14:57:15,172 | INFO | - | circle-wallet-manager | logger.py:77 | Logger initialized.
2026-07-13 14:58:04,390 | INFO | - | circle-wallet-manager | logger.py:77 | Logger initialized.
2026-07-13 14:58:07,608 | INFO | - | circle-wallet-manager | logger.py:77 | Logger initialized.
2026-07-13 14:58:12,673 | INFO | - | circle-wallet-manager | logger.py:77 | Logger initialized.
2026-07-13 14:58:17,569 | INFO | - | circle-wallet-manager | logger.py:77 | Logger initialized.
2026-07-13 14:58:20,774 | INFO | - | circle-wallet-manager | logger.py:77 | Logger initialized.
2026-07-13 15:06:15,302 | INFO | - | circle-wallet-manager | logger.py:77 | Logger initialized.
2026-07-13 15:06:22,332 | INFO | - | circle-wallet-manager | logger.py:77 | Logger initialized.
2026-07-13 15:07:26,763 | INFO | - | circle-wallet-manager | logger.py:78 | Logger initialized.
2026-07-13 15:07:31,377 | INFO | - | circle-wallet-manager | logger.py:78 | Logger initialized.
2026-07-13 15:08:13,429 | INFO | - | circle-wallet-manager | logger.py:84 | Logger initialized.
2026-07-13 15:08:16,720 | INFO | - | circle-wallet-manager | logger.py:84 | Logger initialized.
2026-07-13 15:09:28,703 | INFO     | - | circle-wallet-manager | logger.py:84 | Logger initialized.
2026-07-13 15:09:59,020 | INFO     | - | circle-wallet-manager | logger.py:89 | Logger initialized.
2026-07-13 15:11:05,785 | INFO     | - | circle-wallet-manager | logger.py:89 | event=logger_initialized log_level=INFO
2026-07-13 15:11:23,989 | INFO     | - | circle-wallet-manager | logger.py:89 | event=logger_initialized log_level=INFO
2026-07-13 15:17:52,046 | INFO     | - | circle-wallet-manager | logger.py:89 | event=logger_initialized log_level=INFO
2026-07-13 15:18:06,534 | INFO     | - | circle-wallet-manager | logger.py:89 | event=logger_initialized log_level=INFO
2026-07-13 15:18:29,315 | INFO     | - | circle-wallet-manager | logger.py:89 | event=logger_initialized log_level=INFO
2026-07-13 15:18:32,585 | INFO     | - | circle-wallet-manager | logger.py:89 | event=logger_initialized log_level=INFO
2026-07-13 15:18:57,374 | INFO     | - | circle-wallet-manager | logger.py:89 | event=logger_initialized log_level=INFO
2026-07-13 15:19:00,214 | INFO     | - | circle-wallet-manager | logger.py:89 | event=logger_initialized log_level=INFO
2026-07-13 15:19:44,249 | INFO     | - | circle-wallet-manager | logger.py:89 | event=logger_initialized log_level=INFO
2026-07-13 15:24:33,596 | INFO     | - | circle-wallet-manager | logger.py:89 | event=logger_initialized log_level=INFO
2026-07-13 15:24:38,622 | INFO     | - | circle-wallet-manager | logger.py:89 | event=logger_initialized log_level=INFO
2026-07-13 15:25:29,173 | INFO     | - | circle-wallet-manager | logger.py:89 | event=logger_initialized log_level=INFO
2026-07-13 15:25:33,952 | INFO     | - | circle-wallet-manager | logger.py:89 | event=logger_initialized log_level=INFO
2026-07-13 15:25:50,720 | INFO     | - | circle-wallet-manager | logger.py:89 | event=logger_initialized log_level=INFO
2026-07-13 15:25:53,693 | INFO     | - | circle-wallet-manager | logger.py:89 | event=logger_initialized log_level=INFO
2026-07-13 15:26:24,621 | INFO     | - | circle-wallet-manager | logger.py:89 | event=logger_initialized log_level=INFO
2026-07-13 15:26:27,829 | INFO     | - | circle-wallet-manager | logger.py:89 | event=logger_initialized log_level=INFO
2026-07-13 15:29:35,095 | INFO     | - | circle-wallet-manager | logger.py:89 | event=logger_initialized log_level=INFO
2026-07-13 15:29:38,272 | INFO     | - | circle-wallet-manager | logger.py:89 | event=logger_initialized log_level=INFO
2026-07-13 15:30:12,786 | INFO     | - | circle-wallet-manager | logger.py:89 | event=logger_initialized log_level=INFO
2026-07-13 15:30:15,957 | INFO     | - | circle-wallet-manager | logger.py:89 | event=logger_initialized log_level=INFO
2026-07-13 15:30:36,258 | INFO     | - | circle-wallet-manager | logger.py:89 | event=logger_initialized log_level=INFO
2026-07-13 15:30:39,510 | INFO     | - | circle-wallet-manager | logger.py:89 | event=logger_initialized log_level=INFO
2026-07-13 15:32:18,902 | INFO     | - | circle-wallet-manager | logger.py:89 | event=logger_initialized log_level=INFO
2026-07-13 15:32:22,084 | INFO     | - | circle-wallet-manager | logger.py:89 | event=logger_initialized log_level=INFO
2026-07-13 15:33:43,600 | INFO     | - | circle-wallet-manager | logger.py:89 | event=logger_initialized log_level=INFO
2026-07-13 15:33:46,875 | INFO     | - | circle-wallet-manager | logger.py:89 | event=logger_initialized log_level=INFO
2026-07-13 15:34:15,906 | INFO     | - | circle-wallet-manager | logger.py:89 | event=logger_initialized log_level=INFO
2026-07-13 15:34:19,161 | INFO     | - | circle-wallet-manager | logger.py:89 | event=logger_initialized log_level=INFO
2026-07-13 15:34:57,842 | INFO     | - | circle-wallet-manager | logger.py:89 | event=logger_initialized log_level=INFO
2026-07-13 15:35:01,126 | INFO     | - | circle-wallet-manager | logger.py:89 | event=logger_initialized log_level=INFO
2026-07-13 15:35:13,773 | INFO     | - | circle-wallet-manager | logger.py:89 | event=logger_initialized log_level=INFO
2026-07-13 15:35:18,576 | INFO     | - | circle-wallet-manager | logger.py:89 | event=logger_initialized log_level=INFO
2026-07-13 15:36:30,853 | INFO     | - | circle-wallet-manager | logger.py:89 | event=logger_initialized log_level=INFO
2026-07-13 15:36:34,097 | INFO     | - | circle-wallet-manager | logger.py:89 | event=logger_initialized log_level=INFO
2026-07-13 15:37:00,546 | INFO     | - | circle-wallet-manager | logger.py:89 | event=logger_initialized log_level=INFO
2026-07-13 15:42:51,617 | INFO     | - | circle-wallet-manager | logger.py:89 | event=logger_initialized log_level=INFO
2026-07-13 15:42:54,800 | INFO     | - | circle-wallet-manager | logger.py:89 | event=logger_initialized log_level=INFO
2026-07-13 15:42:58,117 | INFO     | - | circle-wallet-manager | logger.py:89 | event=logger_initialized log_level=INFO
2026-07-13 15:44:00,130 | INFO     | - | circle-wallet-manager | logger.py:89 | event=logger_initialized log_level=INFO
2026-07-13 15:44:03,465 | INFO     | - | circle-wallet-manager | logger.py:89 | event=logger_initialized log_level=INFO
2026-07-13 15:44:47,319 | INFO     | - | circle-wallet-manager | logger.py:89 | event=logger_initialized log_level=INFO
2026-07-13 15:44:50,519 | INFO     | - | circle-wallet-manager | logger.py:89 | event=logger_initialized log_level=INFO
2026-07-13 15:45:39,382 | INFO     | - | circle-wallet-manager | logger.py:89 | event=logger_initialized log_level=INFO
2026-07-13 15:45:42,715 | INFO     | - | circle-wallet-manager | logger.py:89 | event=logger_initialized log_level=INFO
2026-07-13 15:49:07,758 | INFO     | - | circle-wallet-manager | logger.py:89 | event=logger_initialized log_level=INFO
2026-07-13 15:53:37,289 | INFO     | - | circle-wallet-manager | logger.py:89 | event=logger_initialized log_level=INFO
2026-07-13 15:53:42,022 | INFO     | - | circle-wallet-manager | logger.py:89 | event=logger_initialized log_level=INFO
2026-07-13 15:54:09,037 | INFO     | - | circle-wallet-manager | logger.py:89 | event=logger_initialized log_level=INFO
2026-07-13 15:54:13,953 | INFO     | - | circle-wallet-manager | logger.py:89 | event=logger_initialized log_level=INFO
2026-07-13 15:54:17,086 | INFO     | - | circle-wallet-manager | logger.py:89 | event=logger_initialized log_level=INFO
2026-07-13 15:55:09,677 | INFO     | - | circle-wallet-manager | logger.py:89 | event=logger_initialized log_level=INFO
2026-07-13 15:55:12,919 | INFO     | - | circle-wallet-manager | logger.py:89 | event=logger_initialized log_level=INFO
2026-07-13 15:55:16,199 | INFO     | - | circle-wallet-manager | logger.py:89 | event=logger_initialized log_level=INFO
2026-07-13 15:55:40,869 | INFO     | - | circle-wallet-manager | logger.py:89 | event=logger_initialized log_level=INFO
2026-07-13 15:55:45,890 | INFO     | - | circle-wallet-manager | logger.py:89 | event=logger_initialized log_level=INFO
2026-07-13 15:56:29,651 | INFO     | - | circle-wallet-manager | logger.py:89 | event=logger_initialized log_level=INFO
2026-07-13 15:56:32,746 | INFO     | - | circle-wallet-manager | logger.py:89 | event=logger_initialized log_level=INFO
2026-07-13 15:57:01,638 | INFO     | - | circle-wallet-manager | logger.py:89 | event=logger_initialized log_level=INFO
